;  LST file generated by mikroListExporter - v.2.0 
; Date/Time: 4/5/2024 2:46:26 PM
;----------------------------------------------

;Address Opcode 	ASM
0x0000	0x285F      	GOTO       95
_program:
;C_Code_Project.c,2 :: 		void program(){
;C_Code_Project.c,3 :: 		TRISB = 0;
0x0003	0x1683      	BSF        STATUS, 5
0x0004	0x1303      	BCF        STATUS, 6
0x0005	0x0186      	CLRF       TRISB
;C_Code_Project.c,4 :: 		TRISC = 0;
0x0006	0x0187      	CLRF       TRISC
;C_Code_Project.c,5 :: 		PORTB = 0;
0x0007	0x1283      	BCF        STATUS, 5
0x0008	0x0186      	CLRF       PORTB
;C_Code_Project.c,6 :: 		PORTC = 0;
0x0009	0x0187      	CLRF       PORTC
;C_Code_Project.c,7 :: 		for(L1 = 1; L1 <= 9 ; L1++){
0x000A	0x3001      	MOVLW      1
0x000B	0x00A0      	MOVWF      _L1
0x000C	0x3000      	MOVLW      0
0x000D	0x00A1      	MOVWF      _L1+1
L_program0:
0x000E	0x3080      	MOVLW      128
0x000F	0x00F0      	MOVWF      R0
0x0010	0x3080      	MOVLW      128
0x0011	0x0621      	XORWF      _L1+1, 0
0x0012	0x0270      	SUBWF      R0, 0
0x0013	0x1D03      	BTFSS      STATUS, 2
0x0014	0x2817      	GOTO       L__program13
0x0015	0x0820      	MOVF       _L1, 0
0x0016	0x3C09      	SUBLW      9
L__program13:
0x0017	0x1C03      	BTFSS      STATUS, 0
0x0018	0x285E      	GOTO       L_program1
;C_Code_Project.c,8 :: 		for(L2 = 0; L2 <= 9; L2++){
0x0019	0x01A2      	CLRF       _L2
0x001A	0x01A3      	CLRF       _L2+1
L_program3:
0x001B	0x3080      	MOVLW      128
0x001C	0x00F0      	MOVWF      R0
0x001D	0x3080      	MOVLW      128
0x001E	0x0623      	XORWF      _L2+1, 0
0x001F	0x0270      	SUBWF      R0, 0
0x0020	0x1D03      	BTFSS      STATUS, 2
0x0021	0x2824      	GOTO       L__program14
0x0022	0x0822      	MOVF       _L2, 0
0x0023	0x3C09      	SUBLW      9
L__program14:
0x0024	0x1C03      	BTFSS      STATUS, 0
0x0025	0x2842      	GOTO       L_program4
;C_Code_Project.c,9 :: 		TRISC = 0;
0x0026	0x1683      	BSF        STATUS, 5
0x0027	0x0187      	CLRF       TRISC
;C_Code_Project.c,10 :: 		PORTC = L2;
0x0028	0x1283      	BCF        STATUS, 5
0x0029	0x0822      	MOVF       _L2, 0
0x002A	0x0087      	MOVWF      PORTC
;C_Code_Project.c,11 :: 		delay_ms(1000);
0x002B	0x300B      	MOVLW      11
0x002C	0x00FB      	MOVWF      R11
0x002D	0x3026      	MOVLW      38
0x002E	0x00FC      	MOVWF      R12
0x002F	0x305D      	MOVLW      93
0x0030	0x00FD      	MOVWF      R13
L_program6:
0x0031	0x0BFD      	DECFSZ     R13, 1
0x0032	0x2831      	GOTO       L_program6
0x0033	0x0BFC      	DECFSZ     R12, 1
0x0034	0x2831      	GOTO       L_program6
0x0035	0x0BFB      	DECFSZ     R11, 1
0x0036	0x2831      	GOTO       L_program6
0x0037	0x0000      	NOP
0x0038	0x0000      	NOP
;C_Code_Project.c,12 :: 		if(PORTC == 9){
0x0039	0x0807      	MOVF       PORTC, 0
0x003A	0x3A09      	XORLW      9
0x003B	0x1D03      	BTFSS      STATUS, 2
0x003C	0x283E      	GOTO       L_program7
;C_Code_Project.c,13 :: 		PORTC = 0;
0x003D	0x0187      	CLRF       PORTC
;C_Code_Project.c,14 :: 		}
L_program7:
;C_Code_Project.c,8 :: 		for(L2 = 0; L2 <= 9; L2++){
0x003E	0x0AA2      	INCF       _L2, 1
0x003F	0x1903      	BTFSC      STATUS, 2
0x0040	0x0AA3      	INCF       _L2+1, 1
;C_Code_Project.c,15 :: 		}
0x0041	0x281B      	GOTO       L_program3
L_program4:
;C_Code_Project.c,16 :: 		TRISB = 0;
0x0042	0x1683      	BSF        STATUS, 5
0x0043	0x0186      	CLRF       TRISB
;C_Code_Project.c,17 :: 		PORTB = L1;
0x0044	0x1283      	BCF        STATUS, 5
0x0045	0x0820      	MOVF       _L1, 0
0x0046	0x0086      	MOVWF      PORTB
;C_Code_Project.c,18 :: 		delay_ms(1000);
0x0047	0x300B      	MOVLW      11
0x0048	0x00FB      	MOVWF      R11
0x0049	0x3026      	MOVLW      38
0x004A	0x00FC      	MOVWF      R12
0x004B	0x305D      	MOVLW      93
0x004C	0x00FD      	MOVWF      R13
L_program8:
0x004D	0x0BFD      	DECFSZ     R13, 1
0x004E	0x284D      	GOTO       L_program8
0x004F	0x0BFC      	DECFSZ     R12, 1
0x0050	0x284D      	GOTO       L_program8
0x0051	0x0BFB      	DECFSZ     R11, 1
0x0052	0x284D      	GOTO       L_program8
0x0053	0x0000      	NOP
0x0054	0x0000      	NOP
;C_Code_Project.c,19 :: 		if(PORTB == 9){
0x0055	0x0806      	MOVF       PORTB, 0
0x0056	0x3A09      	XORLW      9
0x0057	0x1D03      	BTFSS      STATUS, 2
0x0058	0x285A      	GOTO       L_program9
;C_Code_Project.c,20 :: 		PORTB = 0;
0x0059	0x0186      	CLRF       PORTB
;C_Code_Project.c,21 :: 		}
L_program9:
;C_Code_Project.c,7 :: 		for(L1 = 1; L1 <= 9 ; L1++){
0x005A	0x0AA0      	INCF       _L1, 1
0x005B	0x1903      	BTFSC      STATUS, 2
0x005C	0x0AA1      	INCF       _L1+1, 1
;C_Code_Project.c,22 :: 		}
0x005D	0x280E      	GOTO       L_program0
L_program1:
;C_Code_Project.c,23 :: 		}
L_end_program:
0x005E	0x0008      	RETURN
; end of _program
_main:
;C_Code_Project.c,24 :: 		void main() {
;C_Code_Project.c,25 :: 		while(1){
L_main10:
;C_Code_Project.c,26 :: 		program();
0x005F	0x2003      	CALL       _program
;C_Code_Project.c,27 :: 		}
0x0060	0x285F      	GOTO       L_main10
;C_Code_Project.c,28 :: 		}
L_end_main:
0x0061	0x2861      	GOTO       $+0
; end of _main
Symbol List:
//** Routines locations **
//ADDRESS    SIZE    PROCEDURE
//----------------------------------------------
0x0003      [92]    _program
0x005F       [3]    _main
//** Variables locations ** 
//ADDRESS    SIZE    VARIABLE
//----------------------------------------------
0x0000       [1]    INDF
0x0003       [1]    STATUS
0x0004       [1]    FSR
0x0006       [1]    PORTB
0x0007       [1]    PORTC
0x000A       [1]    PCLATH
0x0020       [2]    _L1
0x0022       [2]    _L2
0x0024       [2]    ___DoICPAddr
0x0070       [1]    R0
0x0071       [1]    R1
0x0072       [1]    R2
0x0073       [1]    R3
0x0074       [1]    R4
0x0075       [1]    R5
0x0076       [1]    R6
0x0077       [1]    R7
0x0078       [1]    R8
0x0079       [1]    R9
0x007A       [1]    R10
0x007B       [1]    R11
0x007C       [1]    R12
0x007D       [1]    R13
0x007E       [1]    R14
0x007F       [1]    R15
0x0086       [1]    TRISB
0x0087       [1]    TRISC
